::1 - - [10/Jun/2022:08:50:06 +0200] "GET /phpmyadmin/ HTTP/1.1" 200 8031
::1 - - [10/Jun/2022:08:50:07 +0200] "GET /phpmyadmin/themes/pmahomme/jquery/jquery-ui-1.9.2.custom.css HTTP/1.1" 200 32739
::1 - - [10/Jun/2022:08:50:07 +0200] "GET /phpmyadmin/js/get_scripts.js.php?scripts[]=jquery/jquery-1.8.3.js&scripts[]=ajax.js&scripts[]=keyhandler.js&scripts[]=jquery/jquery-ui-1.9.2.custom.js&scripts[]=jquery/jquery.sprintf.js&scripts[]=jquery/jquery.cookie.js&scripts[]=jquery/jquery.mousewheel.js&scripts[]=jquery/jquery.event.drag-2.2.js&scripts[]=jquery/jquery-ui-timepicker-addon.js&scripts[]=jquery/jquery.ba-hashchange-1.3.js&scripts[]=jquery/jquery.debounce-1.0.5.js&scripts[]=jquery/jquery.menuResizer-1.0.js&scripts[]=rte.js&scripts[]=functions.js&scripts[]=navigation.js&scripts[]=indexes.js&scripts[]=common.js&scripts[]=codemirror/lib/codemirror.js&scripts[]=codemirror/mode/mysql/mysql.js HTTP/1.1" 200 578621
::1 - - [10/Jun/2022:08:50:07 +0200] "GET /phpmyadmin/phpmyadmin.css.php?server=1&token=977b110abc7dcb9dac40b9f85af8912d&nocache=4964529150ltr HTTP/1.1" 200 92653
::1 - - [10/Jun/2022:08:50:07 +0200] "GET /phpmyadmin/js/messages.php?lang=nl&db=&server=0&token=86b0e1fee2e43c938c3555f56134bb4d HTTP/1.1" 200 18199
::1 - - [10/Jun/2022:08:50:07 +0200] "GET /phpmyadmin/themes/pmahomme/img/logo_right.png HTTP/1.1" 200 4548
::1 - - [10/Jun/2022:08:50:07 +0200] "GET /phpmyadmin/themes/dot.gif HTTP/1.1" 200 43
::1 - - [10/Jun/2022:08:50:07 +0200] "GET /phpmyadmin/js/get_image.js.php?theme=pmahomme HTTP/1.1" 200 6364
::1 - - [10/Jun/2022:08:50:07 +0200] "GET /phpmyadmin/themes/pmahomme/img/sprites.png HTTP/1.1" 200 61899
::1 - - [10/Jun/2022:08:50:09 +0200] "POST /phpmyadmin/index.php HTTP/1.1" 302 -
::1 - - [10/Jun/2022:08:50:09 +0200] "GET /phpmyadmin/index.php?token=977b110abc7dcb9dac40b9f85af8912d HTTP/1.1" 200 45278
::1 - - [10/Jun/2022:08:50:10 +0200] "GET /phpmyadmin/phpmyadmin.css.php?server=1&token=977b110abc7dcb9dac40b9f85af8912d&nocache=6619372960ltr HTTP/1.1" 200 92653
::1 - - [10/Jun/2022:08:50:10 +0200] "GET /phpmyadmin/themes/pmahomme/img/logo_left.png HTTP/1.1" 200 2327
::1 - - [10/Jun/2022:08:50:10 +0200] "GET /phpmyadmin/themes/pmahomme/img/ajax_clock_small.gif HTTP/1.1" 200 1810
::1 - - [10/Jun/2022:08:50:10 +0200] "GET /phpmyadmin/js/messages.php?lang=nl&db=&server=0&token=977b110abc7dcb9dac40b9f85af8912d HTTP/1.1" 200 18199
::1 - - [10/Jun/2022:08:50:10 +0200] "GET /phpmyadmin/themes/pmahomme/img/left_nav_bg.png HTTP/1.1" 200 297
::1 - - [10/Jun/2022:08:50:10 +0200] "GET /phpmyadmin/version_check.php?&_nocache=1654843810253276546 HTTP/1.1" 200 39
::1 - - [10/Jun/2022:08:50:12 +0200] "GET /phpmyadmin/db_structure.php?server=1&db=menu&token=977b110abc7dcb9dac40b9f85af8912d&ajax_request=true&ajax_page_request=true&menuHashes=f5ab9608&_nocache=1654843812066287665 HTTP/1.1" 200 18106
::1 - - [10/Jun/2022:08:50:12 +0200] "GET /phpmyadmin/themes/pmahomme/img/arrow_ltr.png HTTP/1.1" 200 139
::1 - - [10/Jun/2022:08:50:12 +0200] "GET /phpmyadmin/js/get_scripts.js.php?scripts[]=db_structure.js&scripts[]=tbl_change.js HTTP/1.1" 200 12382
::1 - - [10/Jun/2022:08:50:13 +0200] "GET /phpmyadmin/sql.php?db=menu&token=977b110abc7dcb9dac40b9f85af8912d&goto=db_structure.php&table=customers&pos=0&ajax_request=true&ajax_page_request=true&menuHashes=f5ab9608-ade9e7d1&_nocache=1654843813280796772 HTTP/1.1" 200 20539
::1 - - [10/Jun/2022:08:50:13 +0200] "GET /phpmyadmin/themes/pmahomme/img/s_fulltext.png HTTP/1.1" 200 193
::1 - - [10/Jun/2022:08:50:13 +0200] "GET /phpmyadmin/js/get_scripts.js.php?scripts[]=tbl_structure.js&scripts[]=gis_data_editor.js&scripts[]=makegrid.js&scripts[]=sql.js HTTP/1.1" 200 50287
::1 - - [10/Jun/2022:08:50:13 +0200] "GET /phpmyadmin/themes/pmahomme/img/col_pointer.png HTTP/1.1" 200 113
::1 - - [10/Jun/2022:08:50:13 +0200] "GET /phpmyadmin/themes/pmahomme/img/col_drop.png HTTP/1.1" 200 132
::1 - - [10/Jun/2022:08:50:13 +0200] "GET /phpmyadmin/index.php?ajax_request=1&recent_table=1&token=977b110abc7dcb9dac40b9f85af8912d HTTP/1.1" 200 213
::1 - - [10/Jun/2022:08:50:17 +0200] "GET /phpmyadmin/navigation.php?ajax_request=1&token=977b110abc7dcb9dac40b9f85af8912d&aPath=cm9vdA%3D%3D.bWVudQ%3D%3D&vPath=cm9vdA%3D%3D.bWVudQ%3D%3D&pos=0&pos2_name=&pos2_value=&searchClause=&searchClause2=&_nocache=1654843817785149123 HTTP/1.1" 200 2870
::1 - - [10/Jun/2022:08:50:18 +0200] "GET /phpmyadmin/sql.php?server=1&db=menu&table=products&pos=0&token=977b110abc7dcb9dac40b9f85af8912d&ajax_request=true&ajax_page_request=true&menuHashes=f5ab9608-ade9e7d1-12f7daa6&_nocache=1654843818804216275 HTTP/1.1" 200 26299
::1 - - [10/Jun/2022:08:50:18 +0200] "GET /phpmyadmin/index.php?ajax_request=1&recent_table=1&token=977b110abc7dcb9dac40b9f85af8912d HTTP/1.1" 200 331
::1 - - [10/Jun/2022:08:50:21 +0200] "GET /phpmyadmin/navigation.php?ajax_request=1&token=977b110abc7dcb9dac40b9f85af8912d&aPath=cm9vdA%3D%3D.bWVudQ%3D%3D.dGFibGVz.b3JkZXJz&vPath=cm9vdA%3D%3D.bWVudQ%3D%3D.VGFiZWxsZW4%3D.b3JkZXJz&pos=0&pos2_name=tables&pos2_value=0&searchClause=&searchClause2=&_nocache=1654843821441652172 HTTP/1.1" 200 3404
::1 - - [10/Jun/2022:08:50:22 +0200] "GET /phpmyadmin/sql.php?server=1&db=menu&table=orders&pos=0&token=977b110abc7dcb9dac40b9f85af8912d&ajax_request=true&ajax_page_request=true&menuHashes=f5ab9608-ade9e7d1-12f7daa6-293a76be&_nocache=1654843822928564405 HTTP/1.1" 200 10172
::1 - - [10/Jun/2022:08:50:23 +0200] "GET /phpmyadmin/index.php?ajax_request=1&recent_table=1&token=977b110abc7dcb9dac40b9f85af8912d HTTP/1.1" 200 445
::1 - - [10/Jun/2022:08:50:24 +0200] "GET /phpmyadmin/tbl_structure.php?db=menu&table=orders&token=977b110abc7dcb9dac40b9f85af8912d&ajax_request=true&ajax_page_request=true&menuHashes=f5ab9608-ade9e7d1-12f7daa6-293a76be-cdd0dbf0&_nocache=1654843824887405375 HTTP/1.1" 200 40363
::1 - - [10/Jun/2022:08:50:25 +0200] "GET /phpmyadmin/index.php?ajax_request=1&recent_table=1&token=977b110abc7dcb9dac40b9f85af8912d HTTP/1.1" 200 445
::1 - - [10/Jun/2022:08:52:51 +0200] "GET /phpmyadmin/tbl_sql.php?db=menu&table=orders&token=977b110abc7dcb9dac40b9f85af8912d&ajax_request=true&ajax_page_request=true&menuHashes=f5ab9608-ade9e7d1-12f7daa6-293a76be-cdd0dbf0-86218e63&_nocache=1654843971019872103 HTTP/1.1" 200 8383
::1 - - [10/Jun/2022:08:52:51 +0200] "GET /phpmyadmin/index.php?ajax_request=1&recent_table=1&token=977b110abc7dcb9dac40b9f85af8912d HTTP/1.1" 200 445
::1 - - [10/Jun/2022:08:53:54 +0200] "GET /phpmyadmin/tbl_structure.php?db=menu&table=orders&token=977b110abc7dcb9dac40b9f85af8912d&ajax_request=true&ajax_page_request=true&menuHashes=f5ab9608-ade9e7d1-12f7daa6-293a76be-cdd0dbf0-86218e63-c5b87296&_nocache=1654844034581147942 HTTP/1.1" 200 37335
::1 - - [10/Jun/2022:08:53:54 +0200] "GET /phpmyadmin/index.php?ajax_request=1&recent_table=1&token=977b110abc7dcb9dac40b9f85af8912d HTTP/1.1" 200 445
::1 - - [10/Jun/2022:08:54:36 +0200] "GET /phpmyadmin/tbl_sql.php?db=menu&table=orders&token=977b110abc7dcb9dac40b9f85af8912d&ajax_request=true&ajax_page_request=true&menuHashes=f5ab9608-ade9e7d1-12f7daa6-293a76be-cdd0dbf0-86218e63-c5b87296&_nocache=1654844076181414433 HTTP/1.1" 200 5355
::1 - - [10/Jun/2022:08:54:36 +0200] "GET /phpmyadmin/index.php?ajax_request=1&recent_table=1&token=977b110abc7dcb9dac40b9f85af8912d HTTP/1.1" 200 445
::1 - - [10/Jun/2022:08:55:02 +0200] "GET /phpmyadmin/sql.php?server=1&db=menu&table=customers&pos=0&token=977b110abc7dcb9dac40b9f85af8912d HTTP/1.1" 200 27486
::1 - - [10/Jun/2022:08:55:02 +0200] "GET /phpmyadmin/themes/pmahomme/jquery/jquery-ui-1.9.2.custom.css HTTP/1.1" 304 -
::1 - - [10/Jun/2022:08:55:02 +0200] "GET /phpmyadmin/js/get_scripts.js.php?scripts[]=jquery/jquery-1.8.3.js&scripts[]=ajax.js&scripts[]=keyhandler.js&scripts[]=jquery/jquery-ui-1.9.2.custom.js&scripts[]=jquery/jquery.sprintf.js&scripts[]=jquery/jquery.cookie.js&scripts[]=jquery/jquery.mousewheel.js&scripts[]=jquery/jquery.event.drag-2.2.js&scripts[]=jquery/jquery-ui-timepicker-addon.js&scripts[]=jquery/jquery.ba-hashchange-1.3.js&scripts[]=jquery/jquery.debounce-1.0.5.js&scripts[]=jquery/jquery.menuResizer-1.0.js&scripts[]=rte.js&scripts[]=functions.js&scripts[]=navigation.js&scripts[]=indexes.js&scripts[]=common.js&scripts[]=tbl_change.js&scripts[]=tbl_structure.js&scripts[]=gis_data_editor.js&scripts[]=makegrid.js&scripts[]=sql.js&scripts[]=codemirror/lib/codemirror.js&scripts[]=codemirror/mode/mysql/mysql.js HTTP/1.1" 200 635923
::1 - - [10/Jun/2022:08:55:02 +0200] "GET /phpmyadmin/themes/pmahomme/img/logo_left.png HTTP/1.1" 304 -
::1 - - [10/Jun/2022:08:55:02 +0200] "GET /phpmyadmin/themes/dot.gif HTTP/1.1" 304 -
::1 - - [10/Jun/2022:08:55:02 +0200] "GET /phpmyadmin/themes/pmahomme/img/ajax_clock_small.gif HTTP/1.1" 304 -
::1 - - [10/Jun/2022:08:55:02 +0200] "GET /phpmyadmin/themes/pmahomme/img/s_fulltext.png HTTP/1.1" 304 -
::1 - - [10/Jun/2022:08:55:02 +0200] "GET /phpmyadmin/themes/pmahomme/img/arrow_ltr.png HTTP/1.1" 304 -
::1 - - [10/Jun/2022:08:55:02 +0200] "GET /phpmyadmin/js/messages.php?lang=nl&db=menu&token=977b110abc7dcb9dac40b9f85af8912d HTTP/1.1" 200 18199
::1 - - [10/Jun/2022:08:55:02 +0200] "GET /phpmyadmin/themes/pmahomme/img/left_nav_bg.png HTTP/1.1" 304 -
::1 - - [10/Jun/2022:08:55:02 +0200] "GET /phpmyadmin/themes/pmahomme/img/sprites.png HTTP/1.1" 304 -
::1 - - [10/Jun/2022:08:55:02 +0200] "GET /phpmyadmin/themes/pmahomme/img/col_pointer.png HTTP/1.1" 304 -
::1 - - [10/Jun/2022:08:55:02 +0200] "GET /phpmyadmin/themes/pmahomme/img/col_drop.png HTTP/1.1" 304 -
::1 - - [10/Jun/2022:08:55:02 +0200] "GET /phpmyadmin/index.php?ajax_request=1&recent_table=1&token=977b110abc7dcb9dac40b9f85af8912d HTTP/1.1" 200 445
::1 - - [10/Jun/2022:08:55:05 +0200] "GET /phpmyadmin/tbl_structure.php?db=menu&table=customers&token=977b110abc7dcb9dac40b9f85af8912d&ajax_request=true&ajax_page_request=true&menuHashes=12f7daa6&_nocache=1654844105931399089 HTTP/1.1" 200 42652
::1 - - [10/Jun/2022:08:55:06 +0200] "GET /phpmyadmin/index.php?ajax_request=1&recent_table=1&token=977b110abc7dcb9dac40b9f85af8912d HTTP/1.1" 200 445
::1 - - [10/Jun/2022:08:55:32 +0200] "GET /phpmyadmin/tbl_structure.php?db=menu&table=orders&token=977b110abc7dcb9dac40b9f85af8912d&ajax_request=true&ajax_page_request=true&menuHashes=f5ab9608-ade9e7d1-12f7daa6-293a76be-cdd0dbf0-86218e63-c5b87296&_nocache=1654844132481614717 HTTP/1.1" 200 37335
::1 - - [10/Jun/2022:08:55:32 +0200] "GET /phpmyadmin/index.php?ajax_request=1&recent_table=1&token=977b110abc7dcb9dac40b9f85af8912d HTTP/1.1" 200 445
::1 - - [10/Jun/2022:08:57:02 +0200] "GET /Log-in.php HTTP/1.1" 200 799
::1 - - [10/Jun/2022:08:57:02 +0200] "GET /styleLog-in.css HTTP/1.1" 200 118
::1 - - [10/Jun/2022:08:57:02 +0200] "GET /favicon.ico HTTP/1.1" 404 209
::1 - - [10/Jun/2022:08:57:13 +0200] "POST /Log-in.php HTTP/1.1" 200 816
::1 - - [10/Jun/2022:08:58:19 +0200] "POST /phpmyadmin/tbl_addfield.php HTTP/1.1" 200 39898
::1 - - [10/Jun/2022:08:58:20 +0200] "GET /phpmyadmin/index.php?ajax_request=1&recent_table=1&token=977b110abc7dcb9dac40b9f85af8912d HTTP/1.1" 200 445
::1 - - [10/Jun/2022:08:58:47 +0200] "POST /phpmyadmin/tbl_addfield.php HTTP/1.1" 200 2773
::1 - - [10/Jun/2022:08:58:47 +0200] "POST /phpmyadmin/navigation.php?ajax_request=1&token=977b110abc7dcb9dac40b9f85af8912d HTTP/1.1" 200 1270
::1 - - [10/Jun/2022:08:58:49 +0200] "GET /phpmyadmin/sql.php?db=menu&table=customers&token=977b110abc7dcb9dac40b9f85af8912d&pos=0&ajax_request=true&ajax_page_request=true&menuHashes=12f7daa6-fb896bb0&_nocache=1654844329907844527 HTTP/1.1" 200 22657
::1 - - [10/Jun/2022:08:58:50 +0200] "GET /phpmyadmin/index.php?ajax_request=1&recent_table=1&token=977b110abc7dcb9dac40b9f85af8912d HTTP/1.1" 200 445
::1 - - [10/Jun/2022:08:58:53 +0200] "GET /phpmyadmin/themes/pmahomme/jquery/images/ui-bg_flat_75_ffffff_40x100.png HTTP/1.1" 200 178
::1 - - [10/Jun/2022:08:58:53 +0200] "GET /phpmyadmin/themes/pmahomme/jquery/images/ui-bg_highlight-soft_75_cccccc_1x100.png HTTP/1.1" 200 101
::1 - - [10/Jun/2022:08:58:53 +0200] "GET /phpmyadmin/themes/pmahomme/jquery/images/ui-icons_222222_256x240.png HTTP/1.1" 200 4369
::1 - - [10/Jun/2022:08:58:53 +0200] "GET /phpmyadmin/themes/pmahomme/jquery/images/ui-bg_glass_75_e6e6e6_1x400.png HTTP/1.1" 200 110
::1 - - [10/Jun/2022:08:58:53 +0200] "GET /phpmyadmin/themes/pmahomme/jquery/images/ui-bg_flat_0_aaaaaa_40x100.png HTTP/1.1" 200 180
::1 - - [10/Jun/2022:08:58:53 +0200] "GET /phpmyadmin/themes/pmahomme/jquery/images/ui-bg_glass_75_dadada_1x400.png HTTP/1.1" 200 159
::1 - - [10/Jun/2022:08:58:54 +0200] "GET /phpmyadmin/themes/pmahomme/jquery/images/ui-bg_glass_65_ffffff_1x400.png HTTP/1.1" 200 105
::1 - - [10/Jun/2022:08:58:54 +0200] "GET /phpmyadmin/sql.php?db=menu&table=customers&sql_query=DELETE+FROM+%60menu%60.%60customers%60+WHERE+%60customers%60.%60CustomerID%60+%3D+3&message_to_show=De+regel+werd+verwijderd&goto=sql.php%3Fdb%3Dmenu%26table%3Dcustomers%26sql_query%3DSELECT%2B%252A%2BFROM%2B%2560customers%2560%26message_to_show%3DDe%2Bregel%2Bwerd%2Bverwijderd%26goto%3Dtbl_sql.php%26token%3D977b110abc7dcb9dac40b9f85af8912d&token=977b110abc7dcb9dac40b9f85af8912d&ajax_request=true&is_js_confirmed=true&_nocache=1654844334837634872 HTTP/1.1" 200 2604
::1 - - [10/Jun/2022:08:58:56 +0200] "GET /phpmyadmin/sql.php?db=menu&table=customers&sql_query=DELETE+FROM+%60menu%60.%60customers%60+WHERE+%60customers%60.%60CustomerID%60+%3D+4&message_to_show=De+regel+werd+verwijderd&goto=sql.php%3Fdb%3Dmenu%26table%3Dcustomers%26sql_query%3DSELECT%2B%252A%2BFROM%2B%2560customers%2560%26message_to_show%3DDe%2Bregel%2Bwerd%2Bverwijderd%26goto%3Dtbl_sql.php%26token%3D977b110abc7dcb9dac40b9f85af8912d&token=977b110abc7dcb9dac40b9f85af8912d&ajax_request=true&is_js_confirmed=true&_nocache=1654844336948646027 HTTP/1.1" 200 2604
::1 - - [10/Jun/2022:09:01:52 +0200] "POST /Log-in.php HTTP/1.1" 200 1044
::1 - - [10/Jun/2022:09:01:52 +0200] "GET /styleLog-in.css HTTP/1.1" 304 -
::1 - - [10/Jun/2022:09:02:46 +0200] "GET /phpmyadmin/tbl_structure.php?db=menu&table=customers&token=977b110abc7dcb9dac40b9f85af8912d&ajax_request=true&ajax_page_request=true&menuHashes=12f7daa6-fb896bb0&_nocache=1654844566856102371 HTTP/1.1" 200 43885
::1 - - [10/Jun/2022:09:02:47 +0200] "GET /phpmyadmin/index.php?ajax_request=1&recent_table=1&token=977b110abc7dcb9dac40b9f85af8912d HTTP/1.1" 200 445
::1 - - [10/Jun/2022:09:03:05 +0200] "POST /Log-in.php HTTP/1.1" 200 1044
::1 - - [10/Jun/2022:09:03:11 +0200] "POST /Log-in.php HTTP/1.1" 200 880
::1 - - [10/Jun/2022:09:06:22 +0200] "GET /phpmyadmin/tbl_structure.php?db=menu&table=customers&token=977b110abc7dcb9dac40b9f85af8912d&goto=tbl_structure.php&back=tbl_structure.php&field=Name&change_column=1&ajax_request=true&_nocache=1654844782169550442 HTTP/1.1" 200 38695
::1 - - [10/Jun/2022:09:06:27 +0200] "GET /phpmyadmin/index.php?ajax_request=1&recent_table=1&token=977b110abc7dcb9dac40b9f85af8912d HTTP/1.1" 200 445
::1 - - [10/Jun/2022:09:12:05 +0200] "GET /log-in.php HTTP/1.1" 200 863
::1 - - [10/Jun/2022:09:12:05 +0200] "GET /styleLog-in.css HTTP/1.1" 304 -
::1 - - [10/Jun/2022:09:26:16 +0200] "GET /authmain.php HTTP/1.1" 200 419
::1 - - [10/Jun/2022:09:26:22 +0200] "GET /members_only.php HTTP/1.1" 200 160
::1 - - [10/Jun/2022:09:26:30 +0200] "GET /authmain.php HTTP/1.1" 200 419
::1 - - [10/Jun/2022:09:26:44 +0200] "POST /authmain.php HTTP/1.1" 200 419
::1 - - [10/Jun/2022:09:26:46 +0200] "GET /members_only.php HTTP/1.1" 200 160
::1 - - [10/Jun/2022:09:26:53 +0200] "GET /members_only.php HTTP/1.1" 200 160
::1 - - [10/Jun/2022:09:27:07 +0200] "GET /Log-in.php HTTP/1.1" 200 863
::1 - - [10/Jun/2022:09:27:07 +0200] "GET /styleLog-in.css HTTP/1.1" 304 -
::1 - - [10/Jun/2022:09:27:44 +0200] "POST /Log-in.php HTTP/1.1" 200 880
::1 - - [10/Jun/2022:09:27:48 +0200] "GET /members_only.php HTTP/1.1" 200 160
::1 - - [10/Jun/2022:09:27:55 +0200] "GET /authmain.php HTTP/1.1" 200 419
::1 - - [10/Jun/2022:09:28:03 +0200] "POST /authmain.php HTTP/1.1" 200 419
::1 - - [10/Jun/2022:09:28:05 +0200] "GET /members_only.php HTTP/1.1" 200 160
