2022-06-09 16:31:58 3240 [Note] Plugin 'FEDERATED' is disabled.
2022-06-09 16:31:58 3240 [Note] InnoDB: The InnoDB memory heap is disabled
2022-06-09 16:31:58 3240 [Note] InnoDB: Mutexes and rw_locks use Windows interlocked functions
2022-06-09 16:31:58 3240 [Note] InnoDB: Compressed tables use zlib 1.2.3
2022-06-09 16:31:58 3240 [Note] InnoDB: Not using CPU crc32 instructions
2022-06-09 16:31:58 3240 [Note] InnoDB: Initializing buffer pool, size = 128.0M
2022-06-09 16:31:58 3240 [Note] InnoDB: Completed initialization of buffer pool
2022-06-09 16:31:58 3240 [Note] InnoDB: Highest supported file format is Barracuda.
2022-06-09 16:31:58 3240 [Note] InnoDB: The log sequence numbers 1626134 and 1626134 in ibdata files do not match the log sequence number 1774199 in the ib_logfiles!
2022-06-09 16:31:58 3240 [Note] InnoDB: Database was not shutdown normally!
2022-06-09 16:31:58 3240 [Note] InnoDB: Starting crash recovery.
2022-06-09 16:31:58 3240 [Note] InnoDB: Reading tablespace information from the .ibd files...
2022-06-09 16:31:58 3240 [Note] InnoDB: Restoring possible half-written data pages 
2022-06-09 16:31:58 3240 [Note] InnoDB: from the doublewrite buffer...
2022-06-09 16:31:59 3240 [Note] InnoDB: 128 rollback segment(s) are active.
2022-06-09 16:31:59 3240 [Note] InnoDB: Waiting for purge to start
2022-06-09 16:31:59 3240 [Note] InnoDB: 5.6.13 started; log sequence number 1774199
2022-06-09 16:31:59 3240 [Note] Server hostname (bind-address): '*'; port: 3307
2022-06-09 16:31:59 3240 [Note] IPv6 is available.
2022-06-09 16:31:59 3240 [Note]   - '::' resolves to '::';
2022-06-09 16:31:59 3240 [Note] Server socket created on IP: '::'.
2022-06-09 17:08:57 26048 [Note] Plugin 'FEDERATED' is disabled.
2022-06-09 17:08:57 26048 [Note] InnoDB: The InnoDB memory heap is disabled
2022-06-09 17:08:57 26048 [Note] InnoDB: Mutexes and rw_locks use Windows interlocked functions
2022-06-09 17:08:57 26048 [Note] InnoDB: Compressed tables use zlib 1.2.3
2022-06-09 17:08:57 26048 [Note] InnoDB: Not using CPU crc32 instructions
2022-06-09 17:08:57 26048 [Note] InnoDB: Initializing buffer pool, size = 128.0M
2022-06-09 17:08:57 26048 [Note] InnoDB: Completed initialization of buffer pool
2022-06-09 17:08:57 26048 [Note] InnoDB: Highest supported file format is Barracuda.
2022-06-09 17:08:57 26048 [Note] InnoDB: The log sequence numbers 1626134 and 1626134 in ibdata files do not match the log sequence number 1777575 in the ib_logfiles!
2022-06-09 17:08:57 26048 [Note] InnoDB: Database was not shutdown normally!
2022-06-09 17:08:57 26048 [Note] InnoDB: Starting crash recovery.
2022-06-09 17:08:57 26048 [Note] InnoDB: Reading tablespace information from the .ibd files...
2022-06-09 17:08:57 26048 [Note] InnoDB: Restoring possible half-written data pages 
2022-06-09 17:08:57 26048 [Note] InnoDB: from the doublewrite buffer...
2022-06-09 17:08:57 26048 [Note] InnoDB: 128 rollback segment(s) are active.
2022-06-09 17:08:57 26048 [Note] InnoDB: Waiting for purge to start
2022-06-09 17:08:57 26048 [Note] InnoDB: 5.6.13 started; log sequence number 1777575
2022-06-09 17:08:57 26048 [Note] Server hostname (bind-address): '*'; port: 3307
2022-06-09 17:08:57 26048 [Note] IPv6 is available.
2022-06-09 17:08:57 26048 [Note]   - '::' resolves to '::';
2022-06-09 17:08:57 26048 [Note] Server socket created on IP: '::'.
2022-06-09 17:10:49 3856 [Note] Plugin 'FEDERATED' is disabled.
2022-06-09 17:10:49 3856 [Note] InnoDB: The InnoDB memory heap is disabled
2022-06-09 17:10:49 3856 [Note] InnoDB: Mutexes and rw_locks use Windows interlocked functions
2022-06-09 17:10:49 3856 [Note] InnoDB: Compressed tables use zlib 1.2.3
2022-06-09 17:10:49 3856 [Note] InnoDB: Not using CPU crc32 instructions
2022-06-09 17:10:49 3856 [Note] InnoDB: Initializing buffer pool, size = 128.0M
2022-06-09 17:10:49 3856 [Note] InnoDB: Completed initialization of buffer pool
2022-06-09 17:10:49 3856 [Note] InnoDB: Highest supported file format is Barracuda.
2022-06-09 17:10:49 3856 [Note] InnoDB: The log sequence numbers 1626134 and 1626134 in ibdata files do not match the log sequence number 1777585 in the ib_logfiles!
2022-06-09 17:10:49 3856 [Note] InnoDB: Database was not shutdown normally!
2022-06-09 17:10:49 3856 [Note] InnoDB: Starting crash recovery.
2022-06-09 17:10:49 3856 [Note] InnoDB: Reading tablespace information from the .ibd files...
2022-06-09 17:10:49 3856 [Note] InnoDB: Restoring possible half-written data pages 
2022-06-09 17:10:49 3856 [Note] InnoDB: from the doublewrite buffer...
2022-06-09 17:10:49 3856 [Note] InnoDB: 128 rollback segment(s) are active.
2022-06-09 17:10:49 3856 [Note] InnoDB: Waiting for purge to start
2022-06-09 17:10:49 3856 [Note] InnoDB: 5.6.13 started; log sequence number 1777585
2022-06-09 17:10:49 3856 [Note] Server hostname (bind-address): '*'; port: 3307
2022-06-09 17:10:49 3856 [Note] IPv6 is available.
2022-06-09 17:10:49 3856 [Note]   - '::' resolves to '::';
2022-06-09 17:10:49 3856 [Note] Server socket created on IP: '::'.
2022-06-09 17:15:23 14876 [Note] Plugin 'FEDERATED' is disabled.
2022-06-09 17:15:23 14876 [Note] InnoDB: The InnoDB memory heap is disabled
2022-06-09 17:15:23 14876 [Note] InnoDB: Mutexes and rw_locks use Windows interlocked functions
2022-06-09 17:15:23 14876 [Note] InnoDB: Compressed tables use zlib 1.2.3
2022-06-09 17:15:23 14876 [Note] InnoDB: Not using CPU crc32 instructions
2022-06-09 17:15:23 14876 [Note] InnoDB: Initializing buffer pool, size = 128.0M
2022-06-09 17:15:23 14876 [Note] InnoDB: Completed initialization of buffer pool
2022-06-09 17:15:23 14876 [Note] InnoDB: Highest supported file format is Barracuda.
2022-06-09 17:15:23 14876 [Note] InnoDB: The log sequence numbers 1626134 and 1626134 in ibdata files do not match the log sequence number 1777595 in the ib_logfiles!
2022-06-09 17:15:23 14876 [Note] InnoDB: Database was not shutdown normally!
2022-06-09 17:15:23 14876 [Note] InnoDB: Starting crash recovery.
2022-06-09 17:15:23 14876 [Note] InnoDB: Reading tablespace information from the .ibd files...
2022-06-09 17:15:23 14876 [Note] InnoDB: Restoring possible half-written data pages 
2022-06-09 17:15:23 14876 [Note] InnoDB: from the doublewrite buffer...
2022-06-09 17:15:24 14876 [Note] InnoDB: 128 rollback segment(s) are active.
2022-06-09 17:15:24 14876 [Note] InnoDB: Waiting for purge to start
2022-06-09 17:15:24 14876 [Note] InnoDB: 5.6.13 started; log sequence number 1777595
2022-06-09 17:15:24 14876 [Note] Server hostname (bind-address): '*'; port: 3307
2022-06-09 17:15:24 14876 [Note] IPv6 is available.
2022-06-09 17:15:24 14876 [Note]   - '::' resolves to '::';
2022-06-09 17:15:24 14876 [Note] Server socket created on IP: '::'.
2022-06-09 17:25:47 1604 [Note] Plugin 'FEDERATED' is disabled.
2022-06-09 17:25:47 1604 [Note] InnoDB: The InnoDB memory heap is disabled
2022-06-09 17:25:47 1604 [Note] InnoDB: Mutexes and rw_locks use Windows interlocked functions
2022-06-09 17:25:47 1604 [Note] InnoDB: Compressed tables use zlib 1.2.3
2022-06-09 17:25:47 1604 [Note] InnoDB: Not using CPU crc32 instructions
2022-06-09 17:25:47 1604 [Note] InnoDB: Initializing buffer pool, size = 128.0M
2022-06-09 17:25:47 1604 [Note] InnoDB: Completed initialization of buffer pool
2022-06-09 17:25:47 1604 [Note] InnoDB: Highest supported file format is Barracuda.
2022-06-09 17:25:47 1604 [Note] InnoDB: The log sequence numbers 1626134 and 1626134 in ibdata files do not match the log sequence number 1777605 in the ib_logfiles!
2022-06-09 17:25:47 1604 [Note] InnoDB: Database was not shutdown normally!
2022-06-09 17:25:47 1604 [Note] InnoDB: Starting crash recovery.
2022-06-09 17:25:47 1604 [Note] InnoDB: Reading tablespace information from the .ibd files...
2022-06-09 17:25:47 1604 [Note] InnoDB: Restoring possible half-written data pages 
2022-06-09 17:25:48 1604 [Note] InnoDB: from the doublewrite buffer...
2022-06-09 17:25:48 1604 [Note] InnoDB: 128 rollback segment(s) are active.
2022-06-09 17:25:48 1604 [Note] InnoDB: Waiting for purge to start
2022-06-09 17:25:48 1604 [Note] InnoDB: 5.6.13 started; log sequence number 1777605
2022-06-09 17:25:48 1604 [Note] Server hostname (bind-address): '*'; port: 3307
2022-06-09 17:25:48 1604 [Note] IPv6 is available.
2022-06-09 17:25:48 1604 [Note]   - '::' resolves to '::';
2022-06-09 17:25:48 1604 [Note] Server socket created on IP: '::'.
